<?xml version="1.0" encoding="UTF-8"?>
<!-- Generated by org.testng.reporters.JUnitXMLReporter -->
<testsuite hostname="dell" ignored="0" name="Test2" tests="4" failures="0" timestamp="10 Dec 2020 02:51:23 GMT" time="29.719" errors="0">
  <testcase name="Login" time="0.824" classname="com.Test.ClientTest"/>
  <testcase name="verifyview" time="9.069" classname="com.Test.ClientTest"/>
  <testcase name="verifyedit" time="5.004" classname="com.Test.ClientTest"/>
  <testcase name="verifysearch" time="4.855" classname="com.Test.ClientTest"/>
</testsuite> <!-- Test2 -->
